

================================================================
== Vitis HLS Report for 'KalmanFilterKernel'
================================================================
* Date:           Fri Dec  2 13:49:53 2022

* Version:        2020.2 (Build 3064766 on Wed Nov 18 09:12:47 MST 2020)
* Project:        KF_kernel
* Solution:       solution1 (Vivado IP Flow Target)
* Product family: zynquplus
* Target device:  xczu3eg-sbva484-1-i


================================================================
== Performance Estimates
================================================================
+ Timing: 
    * Summary: 
    +--------+----------+----------+------------+
    |  Clock |  Target  | Estimated| Uncertainty|
    +--------+----------+----------+------------+
    |ap_clk  |  10.00 ns|  7.241 ns|     2.70 ns|
    +--------+----------+----------+------------+

+ Latency: 
    * Summary: 
    +---------+---------+----------+----------+-------+-------+---------+
    |  Latency (cycles) |  Latency (absolute) |    Interval   | Pipeline|
    |   min   |   max   |    min   |    max   |  min  |  max  |   Type  |
    +---------+---------+----------+----------+-------+-------+---------+
    |    10511|    11424|  0.105 ms|  0.114 ms|  10512|  11425|     none|
    +---------+---------+----------+----------+-------+-------+---------+

    + Detail: 
        * Instance: 
        +---------------------------------------+---------------------------+---------+---------+-----------+-----------+------+------+---------+
        |                                       |                           |  Latency (cycles) |   Latency (absolute)  |   Interval  | Pipeline|
        |                Instance               |           Module          |   min   |   max   |    min    |    max    |  min |  max |   Type  |
        +---------------------------------------+---------------------------+---------+---------+-----------+-----------+------+------+---------+
        |grp_matMultiply_float_6_6_6_2_fu_1566  |matMultiply_float_6_6_6_2  |      169|      169|   1.690 us|   1.690 us|   169|   169|     none|
        |grp_matMultiply_float_6_6_6_4_fu_1576  |matMultiply_float_6_6_6_4  |      457|      913|   4.570 us|   9.130 us|   457|   913|     none|
        |grp_matMultiply_float_6_6_6_1_fu_1587  |matMultiply_float_6_6_6_1  |      949|      949|   9.490 us|   9.490 us|   949|   949|     none|
        |grp_matMultiply_float_6_6_6_s_fu_1595  |matMultiply_float_6_6_6_s  |     1813|     1813|  18.130 us|  18.130 us|  1813|  1813|     none|
        |grp_matMultiply_float_6_6_6_5_fu_1603  |matMultiply_float_6_6_6_5  |      907|      907|   9.070 us|   9.070 us|   907|   907|     none|
        |grp_matMultiply_float_6_6_6_3_fu_1611  |matMultiply_float_6_6_6_3  |      481|      481|   4.810 us|   4.810 us|   481|   481|     none|
        |grp_matMultiply_float_6_6_6_7_fu_1618  |matMultiply_float_6_6_6_7  |      313|      313|   3.130 us|   3.130 us|   313|   313|     none|
        |grp_matMultiply_float_6_6_6_6_fu_1626  |matMultiply_float_6_6_6_6  |      157|      157|   1.570 us|   1.570 us|   157|   157|     none|
        +---------------------------------------+---------------------------+---------+---------+-----------+-----------+------+------+---------+

        * Loop: 
        +---------------------+---------+---------+----------+-----------+-----------+------+----------+
        |                     |  Latency (cycles) | Iteration|  Initiation Interval  | Trip |          |
        |      Loop Name      |   min   |   max   |  Latency |  achieved |   target  | Count| Pipelined|
        +---------------------+---------+---------+----------+-----------+-----------+------+----------+
        |- VITIS_LOOP_67_1    |        6|        6|         2|          1|          1|     6|       yes|
        |- VITIS_LOOP_97_2    |        6|        6|         2|          1|          1|     6|       yes|
        |- VITIS_LOOP_119_3   |        3|        3|         2|          1|          1|     3|       yes|
        |- VITIS_LOOP_120_4   |        3|        3|         2|          1|          1|     3|       yes|
        |- VITIS_LOOP_121_5   |        6|        6|         2|          1|          1|     6|       yes|
        |- VITIS_LOOP_122_6   |       36|       36|         2|          1|          1|    36|       yes|
        |- VITIS_LOOP_41_1    |       54|       54|         9|          -|          -|     6|        no|
        | + VITIS_LOOP_44_2   |        7|        7|         7|          -|          -|     1|        no|
        |- VITIS_LOOP_81_1    |       84|       84|        14|          -|          -|     6|        no|
        | + VITIS_LOOP_84_2   |       12|       12|         2|          -|          -|     6|        no|
        |- VITIS_LOOP_41_1    |      300|      300|        50|          -|          -|     6|        no|
        | + VITIS_LOOP_44_2   |       48|       48|         8|          -|          -|     6|        no|
        |- VITIS_LOOP_135_7   |        6|        6|         2|          1|          1|     6|       yes|
        |- VITIS_LOOP_136_8   |       36|       36|         2|          1|          1|    36|       yes|
        |- VITIS_LOOP_61_1    |       21|       21|         7|          -|          -|     3|        no|
        |- VITIS_LOOP_41_1    |       69|       69|        23|          -|          -|     3|        no|
        | + VITIS_LOOP_44_2   |       21|       21|         7|          -|          -|     3|        no|
        |- VITIS_LOOP_100_1   |       48|       48|        16|          -|          -|     3|        no|
        | + VITIS_LOOP_103_2  |        3|        3|         1|          -|          -|     3|        no|
        |- VITIS_LOOP_41_1    |       54|       54|         9|          -|          -|     6|        no|
        | + VITIS_LOOP_44_2   |        7|        7|         7|          -|          -|     1|        no|
        |- VITIS_LOOP_61_1    |      300|      300|        50|          -|          -|     6|        no|
        | + VITIS_LOOP_64_2   |       48|       48|         8|          -|          -|     6|        no|
        |- VITIS_LOOP_166_9   |        6|        6|         2|          1|          1|     6|       yes|
        |- VITIS_LOOP_167_10  |       36|       36|         2|          1|          1|    36|       yes|
        |- VITIS_LOOP_168_11  |        6|        6|         2|          1|          1|     6|       yes|
        |- VITIS_LOOP_169_12  |        6|        6|         2|          1|          1|     6|       yes|
        +---------------------+---------+---------+----------+-----------+-----------+------+----------+



================================================================
== Utilization Estimates
================================================================
* Summary: 
+-----------------+---------+-----+--------+-------+-----+
|       Name      | BRAM_18K| DSP |   FF   |  LUT  | URAM|
+-----------------+---------+-----+--------+-------+-----+
|DSP              |        -|    -|       -|      -|    -|
|Expression       |        -|    -|       0|    740|    -|
|FIFO             |        -|    -|       -|      -|    -|
|Instance         |        0|   25|    3233|   9498|    -|
|Memory           |       12|    -|     736|     60|    -|
|Multiplexer      |        -|    -|       -|   3017|    -|
|Register         |        -|    -|    1345|      -|    -|
+-----------------+---------+-----+--------+-------+-----+
|Total            |       12|   25|    5314|  13315|    0|
+-----------------+---------+-----+--------+-------+-----+
|Available        |      432|  360|  141120|  70560|    0|
+-----------------+---------+-----+--------+-------+-----+
|Utilization (%)  |        2|    6|       3|     18|    0|
+-----------------+---------+-----+--------+-------+-----+

+ Detail: 
    * Instance: 
    +----------------------------------------+------------------------------------+---------+----+-----+------+-----+
    |                Instance                |               Module               | BRAM_18K| DSP|  FF |  LUT | URAM|
    +----------------------------------------+------------------------------------+---------+----+-----+------+-----+
    |AXI_CPU_s_axi_U                         |AXI_CPU_s_axi                       |        0|   0|  112|   168|    0|
    |dmul_64ns_64ns_64_6_max_dsp_1_U53       |dmul_64ns_64ns_64_6_max_dsp_1       |        0|  11|  317|   208|    0|
    |faddfsub_32ns_32ns_32_5_full_dsp_1_U48  |faddfsub_32ns_32ns_32_5_full_dsp_1  |        0|   2|  205|   206|    0|
    |fdiv_32ns_32ns_32_10_no_dsp_1_U49       |fdiv_32ns_32ns_32_10_no_dsp_1       |        0|   0|    0|     0|    0|
    |fmul_32ns_32ns_32_4_max_dsp_1_U55       |fmul_32ns_32ns_32_4_max_dsp_1       |        0|   3|  143|   140|    0|
    |fpext_32ns_64_2_no_dsp_1_U52            |fpext_32ns_64_2_no_dsp_1            |        0|   0|    0|     0|    0|
    |fptrunc_64ns_32_2_no_dsp_1_U51          |fptrunc_64ns_32_2_no_dsp_1          |        0|   0|    0|     0|    0|
    |grp_matMultiply_float_6_6_6_1_fu_1587   |matMultiply_float_6_6_6_1           |        0|   0|  280|  1072|    0|
    |grp_matMultiply_float_6_6_6_2_fu_1566   |matMultiply_float_6_6_6_2           |        0|   3|  407|  1154|    0|
    |grp_matMultiply_float_6_6_6_3_fu_1611   |matMultiply_float_6_6_6_3           |        0|   0|  245|  1044|    0|
    |grp_matMultiply_float_6_6_6_4_fu_1576   |matMultiply_float_6_6_6_4           |        0|   3|  423|  1214|    0|
    |grp_matMultiply_float_6_6_6_5_fu_1603   |matMultiply_float_6_6_6_5           |        0|   0|  247|  1057|    0|
    |grp_matMultiply_float_6_6_6_6_fu_1626   |matMultiply_float_6_6_6_6           |        0|   0|  231|  1009|    0|
    |grp_matMultiply_float_6_6_6_7_fu_1618   |matMultiply_float_6_6_6_7           |        0|   0|  235|  1013|    0|
    |grp_matMultiply_float_6_6_6_s_fu_1595   |matMultiply_float_6_6_6_s           |        0|   3|  388|  1199|    0|
    |mux_32_32_1_1_U54                       |mux_32_32_1_1                       |        0|   0|    0|    14|    0|
    |sitofp_32s_32_4_no_dsp_1_U50            |sitofp_32s_32_4_no_dsp_1            |        0|   0|    0|     0|    0|
    +----------------------------------------+------------------------------------+---------+----+-----+------+-----+
    |Total                                   |                                    |        0|  25| 3233|  9498|    0|
    +----------------------------------------+------------------------------------+---------+----+-----+------+-----+

    * DSP: 
    N/A

    * Memory: 
    +--------------------+-----------------------------+---------+----+----+-----+------+-----+------+-------------+
    |       Memory       |            Module           | BRAM_18K| FF | LUT| URAM| Words| Bits| Banks| W*Bits*Banks|
    +--------------------+-----------------------------+---------+----+----+-----+------+-----+------+-------------+
    |A_U                 |A                            |        2|   0|   0|    0|    36|   32|     1|         1152|
    |B_U                 |B                            |        0|  64|   9|    0|    18|   32|     1|          576|
    |I_U                 |I                            |        1|   0|   0|    0|    36|   32|     1|         1152|
    |K_U                 |K                            |        0|  64|   9|    0|    18|   32|     1|          576|
    |P_U                 |P                            |        1|   0|   0|    0|    36|   32|     1|         1152|
    |P_minus_U           |P                            |        1|   0|   0|    0|    36|   32|     1|         1152|
    |P_plus_U            |P                            |        1|   0|   0|    0|    36|   32|     1|         1152|
    |tmp_mat_1_U         |P                            |        1|   0|   0|    0|    36|   32|     1|         1152|
    |tmp_mat_2_U         |P                            |        1|   0|   0|    0|    36|   32|     1|         1152|
    |tmp_mat_3_U         |P                            |        1|   0|   0|    0|    36|   32|     1|         1152|
    |P_hat_U             |P_hat                        |        1|   0|   0|    0|    36|   32|     1|         1152|
    |Q_U                 |Q                            |        2|   0|   0|    0|    36|   32|     1|         1152|
    |R_U                 |R                            |        0|  64|   5|    0|     9|   32|     1|          288|
    |din_s_U             |din_s                        |        0|  64|   3|    0|     6|   32|     1|          192|
    |dout_s_U            |dout_s                       |        0|  64|   3|    0|     6|   32|     1|          192|
    |x_U                 |dout_s                       |        0|  64|   3|    0|     6|   32|     1|          192|
    |x_minus_U           |dout_s                       |        0|  64|   3|    0|     6|   32|     1|          192|
    |x_plus_U            |dout_s                       |        0|  64|   3|    0|     6|   32|     1|          192|
    |H_U                 |matMultiply_float_6_6_6_1_H  |        0|  32|   9|    0|    18|   32|     1|          576|
    |mat_out_assign_2_U  |mat_out_assign_2             |        0|  64|   5|    0|     9|   32|     1|          288|
    |S_inv_U             |mat_out_assign_2             |        0|  64|   5|    0|     9|   32|     1|          288|
    |x_hat_U             |x_hat                        |        0|  64|   3|    0|     6|   32|     1|          192|
    +--------------------+-----------------------------+---------+----+----+-----+------+-----+------+-------------+
    |Total               |                             |       12| 736|  60|    0|   477|  704|    22|        15264|
    +--------------------+-----------------------------+---------+----+----+-----+------+-----+------+-------------+

    * FIFO: 
    N/A

    * Expression: 
    +----------------------------------+----------+----+---+----+------------+------------+
    |           Variable Name          | Operation| DSP| FF| LUT| Bitwidth P0| Bitwidth P1|
    +----------------------------------+----------+----+---+----+------------+------------+
    |add_ln100_fu_2240_p2              |         +|   0|  0|   9|           2|           1|
    |add_ln103_fu_2276_p2              |         +|   0|  0|   9|           2|           1|
    |add_ln110_fu_2298_p2              |         +|   0|  0|  12|           4|           4|
    |add_ln119_fu_1776_p2              |         +|   0|  0|   9|           2|           1|
    |add_ln120_1_fu_1808_p2            |         +|   0|  0|   9|           2|           1|
    |add_ln120_fu_1824_p2              |         +|   0|  0|  10|           3|           2|
    |add_ln121_fu_1850_p2              |         +|   0|  0|  10|           3|           1|
    |add_ln122_fu_1867_p2              |         +|   0|  0|  13|           6|           1|
    |add_ln135_fu_2092_p2              |         +|   0|  0|  10|           3|           1|
    |add_ln136_fu_2109_p2              |         +|   0|  0|  13|           6|           1|
    |add_ln166_fu_2412_p2              |         +|   0|  0|  10|           3|           1|
    |add_ln167_fu_2429_p2              |         +|   0|  0|  13|           6|           1|
    |add_ln168_1_fu_2446_p2            |         +|   0|  0|  10|           3|           1|
    |add_ln168_fu_2463_p2              |         +|   0|  0|  10|           3|           3|
    |add_ln169_fu_2473_p2              |         +|   0|  0|  10|           3|           1|
    |add_ln41_1_fu_2027_p2             |         +|   0|  0|  10|           3|           1|
    |add_ln41_2_fu_2180_p2             |         +|   0|  0|   9|           2|           1|
    |add_ln41_3_fu_2320_p2             |         +|   0|  0|  10|           3|           1|
    |add_ln41_fu_1896_p2               |         +|   0|  0|  10|           3|           1|
    |add_ln44_1_fu_2214_p2             |         +|   0|  0|   9|           2|           1|
    |add_ln44_fu_2065_p2               |         +|   0|  0|  10|           3|           1|
    |add_ln48_1_fu_2081_p2             |         +|   0|  0|  13|           6|           6|
    |add_ln48_2_fu_2230_p2             |         +|   0|  0|  12|           5|           5|
    |add_ln48_3_fu_2336_p2             |         +|   0|  0|  10|           3|           3|
    |add_ln48_fu_1912_p2               |         +|   0|  0|  10|           3|           3|
    |add_ln61_1_fu_2347_p2             |         +|   0|  0|  10|           3|           1|
    |add_ln61_fu_2126_p2               |         +|   0|  0|   9|           2|           1|
    |add_ln64_fu_2385_p2               |         +|   0|  0|  10|           3|           1|
    |add_ln67_fu_1727_p2               |         +|   0|  0|  10|           3|           1|
    |add_ln68_fu_2401_p2               |         +|   0|  0|  13|           6|           6|
    |add_ln81_fu_1924_p2               |         +|   0|  0|  10|           3|           1|
    |add_ln84_fu_1966_p2               |         +|   0|  0|  10|           3|           1|
    |add_ln88_1_fu_2018_p2             |         +|   0|  0|  13|           6|           6|
    |add_ln88_fu_1982_p2               |         +|   0|  0|  13|           6|           6|
    |add_ln97_fu_1759_p2               |         +|   0|  0|  10|           3|           1|
    |empty_57_fu_2059_p2               |         -|   0|  0|  13|           6|           6|
    |empty_58_fu_2208_p2               |         -|   0|  0|  12|           5|           5|
    |empty_59_fu_2270_p2               |         -|   0|  0|  12|           4|           4|
    |empty_60_fu_2379_p2               |         -|   0|  0|  13|           6|           6|
    |empty_fu_1960_p2                  |         -|   0|  0|  13|           6|           6|
    |sub_ln878_fu_1711_p2              |         -|   0|  0|  32|          25|          25|
    |sub_ln88_fu_2012_p2               |         -|   0|  0|  13|           6|           6|
    |icmp_ln100_fu_2250_p2             |      icmp|   0|  0|   8|           2|           2|
    |icmp_ln103_fu_2286_p2             |      icmp|   0|  0|   8|           2|           2|
    |icmp_ln107_fu_2292_p2             |      icmp|   0|  0|   8|           2|           2|
    |icmp_ln119_fu_1782_p2             |      icmp|   0|  0|   8|           2|           2|
    |icmp_ln120_fu_1814_p2             |      icmp|   0|  0|   8|           2|           2|
    |icmp_ln121_fu_1856_p2             |      icmp|   0|  0|   8|           3|           3|
    |icmp_ln122_fu_1873_p2             |      icmp|   0|  0|  10|           6|           6|
    |icmp_ln135_fu_2098_p2             |      icmp|   0|  0|   8|           3|           3|
    |icmp_ln136_fu_2115_p2             |      icmp|   0|  0|  10|           6|           6|
    |icmp_ln166_fu_2418_p2             |      icmp|   0|  0|   8|           3|           3|
    |icmp_ln167_fu_2435_p2             |      icmp|   0|  0|  10|           6|           6|
    |icmp_ln168_fu_2452_p2             |      icmp|   0|  0|   8|           3|           3|
    |icmp_ln169_fu_2479_p2             |      icmp|   0|  0|   8|           3|           3|
    |icmp_ln41_1_fu_2033_p2            |      icmp|   0|  0|   8|           3|           3|
    |icmp_ln41_2_fu_2190_p2            |      icmp|   0|  0|   8|           2|           2|
    |icmp_ln41_3_fu_2326_p2            |      icmp|   0|  0|   8|           3|           3|
    |icmp_ln41_fu_1902_p2              |      icmp|   0|  0|   8|           3|           3|
    |icmp_ln44_1_fu_2224_p2            |      icmp|   0|  0|   8|           2|           2|
    |icmp_ln44_fu_2075_p2              |      icmp|   0|  0|   8|           3|           3|
    |icmp_ln61_1_fu_2353_p2            |      icmp|   0|  0|   8|           3|           3|
    |icmp_ln61_fu_2137_p2              |      icmp|   0|  0|   8|           2|           2|
    |icmp_ln64_fu_2395_p2              |      icmp|   0|  0|   8|           3|           3|
    |icmp_ln67_fu_1733_p2              |      icmp|   0|  0|   8|           3|           3|
    |icmp_ln81_fu_1934_p2              |      icmp|   0|  0|   8|           3|           3|
    |icmp_ln84_fu_1976_p2              |      icmp|   0|  0|   8|           3|           3|
    |icmp_ln97_fu_1765_p2              |      icmp|   0|  0|   8|           3|           3|
    |ap_block_state71_on_subcall_done  |        or|   0|  0|   2|           1|           1|
    |ap_enable_pp0                     |       xor|   0|  0|   2|           1|           2|
    |ap_enable_pp1                     |       xor|   0|  0|   2|           1|           2|
    |ap_enable_pp10                    |       xor|   0|  0|   2|           1|           2|
    |ap_enable_pp11                    |       xor|   0|  0|   2|           1|           2|
    |ap_enable_pp2                     |       xor|   0|  0|   2|           1|           2|
    |ap_enable_pp3                     |       xor|   0|  0|   2|           1|           2|
    |ap_enable_pp4                     |       xor|   0|  0|   2|           1|           2|
    |ap_enable_pp5                     |       xor|   0|  0|   2|           1|           2|
    |ap_enable_pp6                     |       xor|   0|  0|   2|           1|           2|
    |ap_enable_pp7                     |       xor|   0|  0|   2|           1|           2|
    |ap_enable_pp8                     |       xor|   0|  0|   2|           1|           2|
    |ap_enable_pp9                     |       xor|   0|  0|   2|           1|           2|
    |ap_enable_reg_pp0_iter1           |       xor|   0|  0|   2|           2|           1|
    |ap_enable_reg_pp10_iter1          |       xor|   0|  0|   2|           2|           1|
    |ap_enable_reg_pp11_iter1          |       xor|   0|  0|   2|           2|           1|
    |ap_enable_reg_pp1_iter1           |       xor|   0|  0|   2|           2|           1|
    |ap_enable_reg_pp2_iter1           |       xor|   0|  0|   2|           2|           1|
    |ap_enable_reg_pp3_iter1           |       xor|   0|  0|   2|           2|           1|
    |ap_enable_reg_pp4_iter1           |       xor|   0|  0|   2|           2|           1|
    |ap_enable_reg_pp5_iter1           |       xor|   0|  0|   2|           2|           1|
    |ap_enable_reg_pp6_iter1           |       xor|   0|  0|   2|           2|           1|
    |ap_enable_reg_pp7_iter1           |       xor|   0|  0|   2|           2|           1|
    |ap_enable_reg_pp8_iter1           |       xor|   0|  0|   2|           2|           1|
    |ap_enable_reg_pp9_iter1           |       xor|   0|  0|   2|           2|           1|
    +----------------------------------+----------+----+---+----+------------+------------+
    |Total                             |          |   0|  0| 740|         296|         243|
    +----------------------------------+----------+----+---+----+------------+------------+

    * Multiplexer: 
    +-------------------------------------------------------+-----+-----------+-----+-----------+
    |                          Name                         | LUT | Input Size| Bits| Total Bits|
    +-------------------------------------------------------+-----+-----------+-----+-----------+
    |A_address0                                             |   26|          5|    6|         30|
    |A_address1                                             |   14|          3|    6|         18|
    |A_ce0                                                  |   20|          4|    1|          4|
    |B_address0                                             |   26|          5|    5|         25|
    |B_address1                                             |   20|          4|    5|         20|
    |B_ce0                                                  |   14|          3|    1|          3|
    |B_d0                                                   |   14|          3|   32|         96|
    |B_d1                                                   |   20|          4|   32|        128|
    |H_address0                                             |   20|          4|    5|         20|
    |H_ce0                                                  |   14|          3|    1|          3|
    |K_address0                                             |   20|          4|    5|         20|
    |K_ce0                                                  |   20|          4|    1|          4|
    |K_we0                                                  |    9|          2|    1|          2|
    |P_address0                                             |   14|          3|    6|         18|
    |P_ce0                                                  |   14|          3|    1|          3|
    |P_hat_address0                                         |   14|          3|    6|         18|
    |P_minus_address0                                       |   31|          6|    6|         36|
    |P_minus_ce0                                            |   26|          5|    1|          5|
    |P_plus_address0                                        |   20|          4|    6|         24|
    |P_plus_ce0                                             |   14|          3|    1|          3|
    |P_plus_d0                                              |   14|          3|   32|         96|
    |P_plus_we0                                             |   14|          3|    1|          3|
    |Q_address0                                             |  100|         20|    6|        120|
    |Q_address1                                             |   93|         19|    6|        114|
    |Q_d0                                                   |   14|          3|   32|         96|
    |Q_d1                                                   |   14|          3|   32|         96|
    |R_address0                                             |   31|          6|    4|         24|
    |R_address1                                             |   31|          6|    4|         24|
    |R_d0                                                   |   14|          3|   32|         96|
    |R_d1                                                   |   14|          3|   32|         96|
    |S_inv_address0                                         |   20|          4|    4|         16|
    |S_inv_ce0                                              |   14|          3|    1|          3|
    |S_inv_d0                                               |   14|          3|   32|         96|
    |ap_NS_fsm                                              |  823|        156|    1|        156|
    |ap_enable_reg_pp0_iter1                                |   14|          3|    1|          3|
    |ap_enable_reg_pp10_iter1                               |   14|          3|    1|          3|
    |ap_enable_reg_pp11_iter1                               |   14|          3|    1|          3|
    |ap_enable_reg_pp1_iter1                                |   14|          3|    1|          3|
    |ap_enable_reg_pp2_iter1                                |   14|          3|    1|          3|
    |ap_enable_reg_pp3_iter1                                |   14|          3|    1|          3|
    |ap_enable_reg_pp4_iter1                                |   14|          3|    1|          3|
    |ap_enable_reg_pp5_iter1                                |   14|          3|    1|          3|
    |ap_enable_reg_pp6_iter1                                |   14|          3|    1|          3|
    |ap_enable_reg_pp7_iter1                                |   14|          3|    1|          3|
    |ap_enable_reg_pp8_iter1                                |   14|          3|    1|          3|
    |ap_enable_reg_pp9_iter1                                |   14|          3|    1|          3|
    |ap_phi_mux_j_1_phi_fu_1297_p4                          |    9|          2|    2|          4|
    |ap_phi_mux_j_phi_fu_1285_p4                            |    9|          2|    2|          4|
    |din_s_address0                                         |   20|          4|    3|         12|
    |din_s_address1                                         |   20|          4|    3|         12|
    |dout_s_address0                                        |   20|          4|    3|         12|
    |dout_s_d0                                              |   14|          3|   32|         96|
    |grp_fu_1634_opcode                                     |   14|          3|    2|          6|
    |grp_fu_1634_p0                                         |   37|          7|   32|        224|
    |grp_fu_1634_p1                                         |   26|          5|   32|        160|
    |grp_fu_1643_p0                                         |   14|          3|   32|         96|
    |grp_fu_1643_p1                                         |   14|          3|   32|         96|
    |grp_fu_1660_p0                                         |   14|          3|   64|        192|
    |grp_fu_1660_p1                                         |   14|          3|   64|        192|
    |grp_fu_3117_ce                                         |   31|          6|    1|          6|
    |grp_fu_3117_p0                                         |   26|          5|   32|        160|
    |grp_fu_3117_p1                                         |   26|          5|   32|        160|
    |grp_matMultiply_float_6_6_6_2_fu_1566_mat_in_L_q0      |   14|          3|   32|         96|
    |grp_matMultiply_float_6_6_6_2_fu_1566_mat_in_R_0_read  |   14|          3|   32|         96|
    |grp_matMultiply_float_6_6_6_2_fu_1566_mat_in_R_1_read  |   14|          3|   32|         96|
    |grp_matMultiply_float_6_6_6_2_fu_1566_mat_in_R_2_read  |   14|          3|   32|         96|
    |grp_matMultiply_float_6_6_6_4_fu_1576_L                |   14|          3|    3|          9|
    |grp_matMultiply_float_6_6_6_4_fu_1576_mat_in_L_q0      |   14|          3|   32|         96|
    |grp_matMultiply_float_6_6_6_s_fu_1595_mat_in_L_q0      |   14|          3|   32|         96|
    |grp_matMultiply_float_6_6_6_s_fu_1595_mat_in_R_q0      |   20|          4|   32|        128|
    |i_10_reg_1475                                          |    9|          2|    3|          6|
    |i_1_reg_1270                                           |    9|          2|    3|          6|
    |i_2_reg_1352                                           |    9|          2|    3|          6|
    |i_3_reg_1327                                           |    9|          2|    3|          6|
    |i_4_reg_1452                                           |    9|          2|    2|          4|
    |i_5_reg_1500                                           |    9|          2|    3|          6|
    |i_6_reg_1555                                           |    9|          2|    3|          6|
    |i_7_reg_1374                                           |    9|          2|    3|          6|
    |i_8_reg_1418                                           |    9|          2|    2|          4|
    |i_9_reg_1430                                           |    9|          2|    2|          4|
    |i_reg_1259                                             |    9|          2|    3|          6|
    |j_10_reg_1533                                          |    9|          2|    6|         12|
    |j_11_reg_1544                                          |    9|          2|    3|          6|
    |j_13_reg_1385                                          |    9|          2|    3|          6|
    |j_14_reg_1441                                          |    9|          2|    2|          4|
    |j_1_reg_1293                                           |    9|          2|    2|          4|
    |j_2_reg_1305                                           |    9|          2|    3|          6|
    |j_3_reg_1316                                           |    9|          2|    6|         12|
    |j_4_reg_1396                                           |    9|          2|    3|          6|
    |j_5_reg_1363                                           |    9|          2|    3|          6|
    |j_6_reg_1407                                           |    9|          2|    6|         12|
    |j_7_reg_1464                                           |    9|          2|    2|          4|
    |j_8_reg_1522                                           |    9|          2|    3|          6|
    |j_9_reg_1511                                           |    9|          2|    3|          6|
    |j_reg_1281                                             |    9|          2|    2|          4|
    |mat_out_assign_2_address0                              |   14|          3|    4|         12|
    |tmp_mat_1_address0                                     |   31|          6|    6|         36|
    |tmp_mat_1_ce0                                          |   26|          5|    1|          5|
    |tmp_mat_1_d0                                           |   20|          4|   32|        128|
    |tmp_mat_1_we0                                          |   20|          4|    1|          4|
    |tmp_mat_2_address0                                     |   49|          9|    6|         54|
    |tmp_mat_2_ce0                                          |   31|          6|    1|          6|
    |tmp_mat_2_d0                                           |   26|          5|   32|        160|
    |tmp_mat_2_we0                                          |   26|          5|    1|          5|
    |tmp_mat_3_address0                                     |   59|         11|    6|         66|
    |tmp_mat_3_ce0                                          |   49|          9|    1|          9|
    |tmp_mat_3_d0                                           |   31|          6|   32|        192|
    |tmp_mat_3_we0                                          |   31|          6|    1|          6|
    |x_address0                                             |   14|          3|    3|          9|
    |x_ce0                                                  |   14|          3|    1|          3|
    |x_hat_address0                                         |   31|          6|    3|         18|
    |x_hat_address1                                         |   26|          5|    3|         15|
    |x_hat_d0                                               |   20|          4|   32|        128|
    |x_hat_d1                                               |   20|          4|   32|        128|
    |x_minus_address0                                       |   26|          5|    3|         15|
    |x_minus_ce0                                            |   14|          3|    1|          3|
    |x_plus_address0                                        |   26|          5|    3|         15|
    |x_plus_d0                                              |   14|          3|   32|         96|
    +-------------------------------------------------------+-----+-----------+-----+-----------+
    |Total                                                  | 3017|        603| 1268|       4964|
    +-------------------------------------------------------+-----+-----------+-----+-----------+

    * Register: 
    +----------------------------------------------------------------------------------------------+-----+----+-----+-----------+
    |                                             Name                                             |  FF | LUT| Bits| Const Bits|
    +----------------------------------------------------------------------------------------------+-----+----+-----+-----------+
    |I_load_reg_3036                                                                               |   32|   0|   32|          0|
    |Q_load_reg_2802                                                                               |   32|   0|   32|          0|
    |S_inv_addr_reg_2941                                                                           |    2|   0|    4|          2|
    |add_ln100_reg_2923                                                                            |    2|   0|    2|          0|
    |add_ln119_reg_2608                                                                            |    2|   0|    2|          0|
    |add_ln120_1_reg_2640                                                                          |    2|   0|    2|          0|
    |add_ln168_reg_3093                                                                            |    3|   0|    3|          0|
    |add_ln41_1_reg_2765                                                                           |    3|   0|    3|          0|
    |add_ln41_2_reg_2881                                                                           |    2|   0|    2|          0|
    |add_ln41_3_reg_2971                                                                           |    3|   0|    3|          0|
    |add_ln41_reg_2701                                                                             |    3|   0|    3|          0|
    |add_ln44_1_reg_2894                                                                           |    2|   0|    2|          0|
    |add_ln44_reg_2779                                                                             |    3|   0|    3|          0|
    |add_ln61_1_reg_3000                                                                           |    3|   0|    3|          0|
    |add_ln61_reg_2863                                                                             |    2|   0|    2|          0|
    |add_ln64_reg_3013                                                                             |    3|   0|    3|          0|
    |add_ln81_reg_2729                                                                             |    3|   0|    3|          0|
    |add_ln84_reg_2747                                                                             |    3|   0|    3|          0|
    |add_ln88_1_reg_2760                                                                           |    6|   0|    6|          0|
    |ap_CS_fsm                                                                                     |  155|   0|  155|          0|
    |ap_enable_reg_pp0_iter0                                                                       |    1|   0|    1|          0|
    |ap_enable_reg_pp0_iter1                                                                       |    1|   0|    1|          0|
    |ap_enable_reg_pp10_iter0                                                                      |    1|   0|    1|          0|
    |ap_enable_reg_pp10_iter1                                                                      |    1|   0|    1|          0|
    |ap_enable_reg_pp11_iter0                                                                      |    1|   0|    1|          0|
    |ap_enable_reg_pp11_iter1                                                                      |    1|   0|    1|          0|
    |ap_enable_reg_pp1_iter0                                                                       |    1|   0|    1|          0|
    |ap_enable_reg_pp1_iter1                                                                       |    1|   0|    1|          0|
    |ap_enable_reg_pp2_iter0                                                                       |    1|   0|    1|          0|
    |ap_enable_reg_pp2_iter1                                                                       |    1|   0|    1|          0|
    |ap_enable_reg_pp3_iter0                                                                       |    1|   0|    1|          0|
    |ap_enable_reg_pp3_iter1                                                                       |    1|   0|    1|          0|
    |ap_enable_reg_pp4_iter0                                                                       |    1|   0|    1|          0|
    |ap_enable_reg_pp4_iter1                                                                       |    1|   0|    1|          0|
    |ap_enable_reg_pp5_iter0                                                                       |    1|   0|    1|          0|
    |ap_enable_reg_pp5_iter1                                                                       |    1|   0|    1|          0|
    |ap_enable_reg_pp6_iter0                                                                       |    1|   0|    1|          0|
    |ap_enable_reg_pp6_iter1                                                                       |    1|   0|    1|          0|
    |ap_enable_reg_pp7_iter0                                                                       |    1|   0|    1|          0|
    |ap_enable_reg_pp7_iter1                                                                       |    1|   0|    1|          0|
    |ap_enable_reg_pp8_iter0                                                                       |    1|   0|    1|          0|
    |ap_enable_reg_pp8_iter1                                                                       |    1|   0|    1|          0|
    |ap_enable_reg_pp9_iter0                                                                       |    1|   0|    1|          0|
    |ap_enable_reg_pp9_iter1                                                                       |    1|   0|    1|          0|
    |conv6_reg_2510                                                                                |   64|   0|   64|          0|
    |conv9_reg_2516                                                                                |   32|   0|   32|          0|
    |countin_0_data_reg                                                                            |   24|   0|   24|          0|
    |countin_0_vld_reg                                                                             |    0|   0|    1|          1|
    |empty_57_reg_2774                                                                             |    5|   0|    6|          1|
    |empty_58_reg_2889                                                                             |    5|   0|    5|          0|
    |empty_59_reg_2931                                                                             |    4|   0|    4|          0|
    |empty_60_reg_3008                                                                             |    5|   0|    6|          1|
    |empty_reg_2742                                                                                |    5|   0|    6|          1|
    |grp_matMultiply_float_6_6_6_1_fu_1587_ap_start_reg                                            |    1|   0|    1|          0|
    |grp_matMultiply_float_6_6_6_2_fu_1566_ap_start_reg                                            |    1|   0|    1|          0|
    |grp_matMultiply_float_6_6_6_3_fu_1611_ap_start_reg                                            |    1|   0|    1|          0|
    |grp_matMultiply_float_6_6_6_4_fu_1576_ap_start_reg                                            |    1|   0|    1|          0|
    |grp_matMultiply_float_6_6_6_5_fu_1603_ap_start_reg                                            |    1|   0|    1|          0|
    |grp_matMultiply_float_6_6_6_6_fu_1626_ap_start_reg                                            |    1|   0|    1|          0|
    |grp_matMultiply_float_6_6_6_7_fu_1618_ap_start_reg                                            |    1|   0|    1|          0|
    |grp_matMultiply_float_6_6_6_s_fu_1595_ap_start_reg                                            |    1|   0|    1|          0|
    |guard_variable_for_KalmanFilterKernel_float_float_float_float_ap_uint_24_x_hat                |    1|   0|    1|          0|
    |guard_variable_for_KalmanFilterKernel_float_float_float_float_ap_uint_24_x_hat_load_reg_2552  |    1|   0|    1|          0|
    |i_10_reg_1475                                                                                 |    3|   0|    3|          0|
    |i_1_cast_reg_2580                                                                             |    3|   0|   64|         61|
    |i_1_reg_1270                                                                                  |    3|   0|    3|          0|
    |i_2_reg_1352                                                                                  |    3|   0|    3|          0|
    |i_3_reg_1327                                                                                  |    3|   0|    3|          0|
    |i_4_reg_1452                                                                                  |    2|   0|    2|          0|
    |i_5_reg_1500                                                                                  |    3|   0|    3|          0|
    |i_6_cast_reg_3107                                                                             |    3|   0|   64|         61|
    |i_6_reg_1555                                                                                  |    3|   0|    3|          0|
    |i_7_reg_1374                                                                                  |    3|   0|    3|          0|
    |i_8_reg_1418                                                                                  |    2|   0|    2|          0|
    |i_9_reg_1430                                                                                  |    2|   0|    2|          0|
    |i_cast_reg_2542                                                                               |    3|   0|   64|         61|
    |i_reg_1259                                                                                    |    3|   0|    3|          0|
    |icmp_ln119_reg_2613                                                                           |    1|   0|    1|          0|
    |icmp_ln120_reg_2645                                                                           |    1|   0|    1|          0|
    |icmp_ln121_reg_2659                                                                           |    1|   0|    1|          0|
    |icmp_ln122_reg_2678                                                                           |    1|   0|    1|          0|
    |icmp_ln135_reg_2812                                                                           |    1|   0|    1|          0|
    |icmp_ln136_reg_2831                                                                           |    1|   0|    1|          0|
    |icmp_ln166_reg_3046                                                                           |    1|   0|    1|          0|
    |icmp_ln167_reg_3065                                                                           |    1|   0|    1|          0|
    |icmp_ln168_reg_3084                                                                           |    1|   0|    1|          0|
    |icmp_ln169_reg_3103                                                                           |    1|   0|    1|          0|
    |icmp_ln67_reg_2538                                                                            |    1|   0|    1|          0|
    |icmp_ln97_reg_2576                                                                            |    1|   0|    1|          0|
    |j_10_cast_reg_3069                                                                            |    6|   0|   64|         58|
    |j_10_reg_1533                                                                                 |    6|   0|    6|          0|
    |j_11_reg_1544                                                                                 |    3|   0|    3|          0|
    |j_12_reg_1339                                                                                 |    1|   0|    1|          0|
    |j_13_reg_1385                                                                                 |    3|   0|    3|          0|
    |j_14_reg_1441                                                                                 |    2|   0|    2|          0|
    |j_15_reg_1487                                                                                 |    1|   0|    1|          0|
    |j_1_reg_1293                                                                                  |    2|   0|    2|          0|
    |j_2_cast_reg_2663                                                                             |    3|   0|   64|         61|
    |j_2_reg_1305                                                                                  |    3|   0|    3|          0|
    |j_3_cast_reg_2682                                                                             |    6|   0|   64|         58|
    |j_3_reg_1316                                                                                  |    6|   0|    6|          0|
    |j_4_cast_reg_2816                                                                             |    3|   0|   64|         61|
    |j_4_reg_1396                                                                                  |    3|   0|    3|          0|
    |j_5_reg_1363                                                                                  |    3|   0|    3|          0|
    |j_6_cast_reg_2835                                                                             |    6|   0|   64|         58|
    |j_6_reg_1407                                                                                  |    6|   0|    6|          0|
    |j_7_reg_1464                                                                                  |    2|   0|    2|          0|
    |j_8_cast_reg_3050                                                                             |    3|   0|   64|         61|
    |j_8_reg_1522                                                                                  |    3|   0|    3|          0|
    |j_9_reg_1511                                                                                  |    3|   0|    3|          0|
    |j_reg_1281                                                                                    |    2|   0|    2|          0|
    |mat_out_assign_2_load_reg_2946                                                                |   32|   0|   32|          0|
    |prev_count_V                                                                                  |   24|   0|   24|          0|
    |q_read_reg_2527                                                                               |   32|   0|   32|          0|
    |r_read_reg_2521                                                                               |   32|   0|   32|          0|
    |reg_1665                                                                                      |   32|   0|   32|          0|
    |reg_1675                                                                                      |   64|   0|   64|          0|
    |reg_1681                                                                                      |   32|   0|   32|          0|
    |reg_1687                                                                                      |   32|   0|   32|          0|
    |reg_1693                                                                                      |   32|   0|   32|          0|
    |sext_ln48_reg_2902                                                                            |   64|   0|   64|          0|
    |storemerge_in_reg_2505                                                                        |   32|   0|   32|          0|
    |sub_ln878_reg_2495                                                                            |   25|   0|   25|          0|
    |tmp_mat_1_load_reg_2724                                                                       |   32|   0|   32|          0|
    |u_2_1_fu_360                                                                                  |   32|   0|   32|          0|
    |u_2_2_fu_364                                                                                  |   32|   0|   32|          0|
    |u_2_fu_356                                                                                    |   32|   0|   32|          0|
    |y_bar_2_1_fu_372                                                                              |   32|   0|   32|          0|
    |y_bar_2_2_fu_376                                                                              |   32|   0|   32|          0|
    |y_bar_2_fu_368                                                                                |   32|   0|   32|          0|
    |z_2_1_fu_348                                                                                  |   32|   0|   32|          0|
    |z_2_2_fu_352                                                                                  |   32|   0|   32|          0|
    |z_2_fu_344                                                                                    |   32|   0|   32|          0|
    |zext_ln48_1_reg_2787                                                                          |    6|   0|   64|         58|
    |zext_ln48_2_reg_2979                                                                          |    3|   0|   64|         61|
    |zext_ln48_reg_2709                                                                            |    3|   0|   64|         61|
    |zext_ln68_reg_3021                                                                            |    6|   0|   64|         58|
    |zext_ln81_reg_2734                                                                            |    3|   0|    6|          3|
    +----------------------------------------------------------------------------------------------+-----+----+-----+-----------+
    |Total                                                                                         | 1345|   0| 2132|        787|
    +----------------------------------------------------------------------------------------------+-----+----+-----+-----------+



================================================================
== Interface
================================================================
* Summary: 
+-----------------------+-----+-----+------------+--------------------+--------------+
|       RTL Ports       | Dir | Bits|  Protocol  |    Source Object   |    C Type    |
+-----------------------+-----+-----+------------+--------------------+--------------+
|s_axi_AXI_CPU_AWVALID  |   in|    1|       s_axi|             AXI_CPU|        scalar|
|s_axi_AXI_CPU_AWREADY  |  out|    1|       s_axi|             AXI_CPU|        scalar|
|s_axi_AXI_CPU_AWADDR   |   in|    5|       s_axi|             AXI_CPU|        scalar|
|s_axi_AXI_CPU_WVALID   |   in|    1|       s_axi|             AXI_CPU|        scalar|
|s_axi_AXI_CPU_WREADY   |  out|    1|       s_axi|             AXI_CPU|        scalar|
|s_axi_AXI_CPU_WDATA    |   in|   32|       s_axi|             AXI_CPU|        scalar|
|s_axi_AXI_CPU_WSTRB    |   in|    4|       s_axi|             AXI_CPU|        scalar|
|s_axi_AXI_CPU_ARVALID  |   in|    1|       s_axi|             AXI_CPU|        scalar|
|s_axi_AXI_CPU_ARREADY  |  out|    1|       s_axi|             AXI_CPU|        scalar|
|s_axi_AXI_CPU_ARADDR   |   in|    5|       s_axi|             AXI_CPU|        scalar|
|s_axi_AXI_CPU_RVALID   |  out|    1|       s_axi|             AXI_CPU|        scalar|
|s_axi_AXI_CPU_RREADY   |   in|    1|       s_axi|             AXI_CPU|        scalar|
|s_axi_AXI_CPU_RDATA    |  out|   32|       s_axi|             AXI_CPU|        scalar|
|s_axi_AXI_CPU_RRESP    |  out|    2|       s_axi|             AXI_CPU|        scalar|
|s_axi_AXI_CPU_BVALID   |  out|    1|       s_axi|             AXI_CPU|        scalar|
|s_axi_AXI_CPU_BREADY   |   in|    1|       s_axi|             AXI_CPU|        scalar|
|s_axi_AXI_CPU_BRESP    |  out|    2|       s_axi|             AXI_CPU|        scalar|
|ap_clk                 |   in|    1|  ap_ctrl_hs|  KalmanFilterKernel|  return value|
|ap_rst_n               |   in|    1|  ap_ctrl_hs|  KalmanFilterKernel|  return value|
|interrupt              |  out|    1|  ap_ctrl_hs|  KalmanFilterKernel|  return value|
|din_address0           |  out|    3|   ap_memory|                 din|         array|
|din_ce0                |  out|    1|   ap_memory|                 din|         array|
|din_q0                 |   in|   32|   ap_memory|                 din|         array|
|dout_address0          |  out|    3|   ap_memory|                dout|         array|
|dout_ce0               |  out|    1|   ap_memory|                dout|         array|
|dout_we0               |  out|    1|   ap_memory|                dout|         array|
|dout_d0                |  out|   32|   ap_memory|                dout|         array|
|countin                |   in|   24|     ap_none|             countin|        scalar|
+-----------------------+-----+-----+------------+--------------------+--------------+

